<?xml version="1.0" encoding="UTF-8"?>
<!-- Generated by org.testng.reporters.JUnitReportReporter -->
<testsuite skipped="0" hostname="ip-172-31-86-107" name="test.GridTest" tests="1" failures="0" timestamp="12 Nov 2021 04:25:32 GMT" time="1.388" errors="0">
  <testcase name="LaunchBrowser" time="1.388" classname="test.GridTest"/>
</testsuite> <!-- test.GridTest -->
