<?xml version="1.0" encoding="UTF-8"?>
<!-- Generated by org.testng.reporters.JUnitReportReporter -->
<testsuite skipped="0" hostname="ip-172-31-86-107" name="test.LoginTest" tests="3" failures="0" timestamp="09 Nov 2021 04:52:40 GMT" time="10.230" errors="0">
  <testcase name="negetivelogin" time="3.441" classname="test.LoginTest"/>
  <testcase name="ExcelTest" time="3.610" classname="test.LoginTest"/>
  <testcase name="positivelogin" time="3.179" classname="test.LoginTest"/>
</testsuite> <!-- test.LoginTest -->
