<?xml version="1.0" encoding="UTF-8"?>
<!-- Generated by org.testng.reporters.JUnitReportReporter -->
<testsuite skipped="0" hostname="ip-172-31-86-107" name="test.LoginTest" tests="3" failures="0" timestamp="09 Nov 2021 07:08:30 GMT" time="10.546" errors="0">
  <testcase name="negetivelogin" time="3.726" classname="test.LoginTest"/>
  <testcase name="positivelogin" time="3.068" classname="test.LoginTest"/>
  <testcase name="ExcelTest" time="3.752" classname="test.LoginTest"/>
</testsuite> <!-- test.LoginTest -->
